<?xml version="1.0" encoding="UTF-8"?>
<testsuite name="com.gregturnquist.EmployeeTest" tests="5" skipped="0" failures="0" errors="0" timestamp="2024-05-17T00:57:28" hostname="TUFA15" time="0.03">
  <properties/>
  <testcase name="testIsValidEmail()" classname="com.gregturnquist.EmployeeTest" time="0.014"/>
  <testcase name="testToString()" classname="com.gregturnquist.EmployeeTest" time="0.01"/>
  <testcase name="testHashCode()" classname="com.gregturnquist.EmployeeTest" time="0.001"/>
  <testcase name="testEquals()" classname="com.gregturnquist.EmployeeTest" time="0.0"/>
  <testcase name="testEmployee()" classname="com.gregturnquist.EmployeeTest" time="0.0"/>
  <system-out><![CDATA[]]></system-out>
  <system-err><![CDATA[]]></system-err>
</testsuite>
